# JRE version: OpenJDK Runtime Environment (11.0.10) (build 11.0.10+0-b96-7249189)
# Java VM: OpenJDK 64-Bit Server VM (11.0.10+0-b96-7249189, mixed mode, tiered, compressed oops, g1 gc, windows-amd64)
Heap:
 garbage-first heap   total 527360K, used 181035K [0x0000000080000000, 0x0000000100000000)
  region size 1024K, 3 young (3072K), 3 survivors (3072K)
 Metaspace       used 100565K, capacity 103067K, committed 103208K, reserved 1138688K
  class space    used 13061K, capacity 13951K, committed 13976K, reserved 1048576K
GC Heap History (20 events):
Event: 217.313 GC heap after
{Heap after GC invocations=46 (full 0):
 garbage-first heap   total 172032K, used 134635K [0x0000000080000000, 0x0000000100000000)
  region size 1024K, 2 young (2048K), 2 survivors (2048K)
 Metaspace       used 97209K, capacity 99426K, committed 99624K, reserved 1136640K
  class space    used 12598K, capacity 13393K, committed 13464K, reserved 1048576K
}
Event: 217.554 GC heap before
{Heap before GC invocations=46 (full 0):
 garbage-first heap   total 172032K, used 141803K [0x0000000080000000, 0x0000000100000000)
  region size 1024K, 10 young (10240K), 2 survivors (2048K)
 Metaspace       used 97219K, capacity 99426K, committed 99624K, reserved 1136640K
  class space    used 12598K, capacity 13393K, committed 13464K, reserved 1048576K
}
Event: 217.578 GC heap after
{Heap after GC invocations=47 (full 0):
 garbage-first heap   total 172032K, used 139264K [0x0000000080000000, 0x0000000100000000)
  region size 1024K, 2 young (2048K), 2 survivors (2048K)
 Metaspace       used 97219K, capacity 99426K, committed 99624K, reserved 1136640K
  class space    used 12598K, capacity 13393K, committed 13464K, reserved 1048576K
}
Event: 217.897 GC heap before
{Heap before GC invocations=47 (full 0):
 garbage-first heap   total 172032K, used 145408K [0x0000000080000000, 0x0000000100000000)
  region size 1024K, 8 young (8192K), 2 survivors (2048K)
 Metaspace       used 97221K, capacity 99426K, committed 99624K, reserved 1136640K
  class space    used 12598K, capacity 13393K, committed 13464K, reserved 1048576K
}
Event: 217.921 GC heap after
{Heap after GC invocations=48 (full 0):
 garbage-first heap   total 206848K, used 142542K [0x0000000080000000, 0x0000000100000000)
  region size 1024K, 1 young (1024K), 1 survivors (1024K)
 Metaspace       used 97221K, capacity 99426K, committed 99624K, reserved 1136640K
  class space    used 12598K, capacity 13393K, committed 13464K, reserved 1048576K
}
Event: 218.801 GC heap before
{Heap before GC invocations=48 (full 0):
 garbage-first heap   total 206848K, used 157902K [0x0000000080000000, 0x0000000100000000)
  region size 1024K, 16 young (16384K), 1 survivors (1024K)
 Metaspace       used 97225K, capacity 99411K, committed 99624K, reserved 1136640K
  class space    used 12594K, capacity 13386K, committed 13464K, reserved 1048576K
}
Event: 218.838 GC heap after
{Heap after GC invocations=49 (full 0):
 garbage-first heap   total 206848K, used 150528K [0x0000000080000000, 0x0000000100000000)
  region size 1024K, 2 young (2048K), 2 survivors (2048K)
 Metaspace       used 97225K, capacity 99411K, committed 99624K, reserved 1136640K
  class space    used 12594K, capacity 13386K, committed 13464K, reserved 1048576K
}
Event: 219.146 GC heap before
{Heap before GC invocations=50 (full 0):
 garbage-first heap   total 206848K, used 162816K [0x0000000080000000, 0x0000000100000000)
  region size 1024K, 15 young (15360K), 2 survivors (2048K)
 Metaspace       used 97227K, capacity 99411K, committed 99624K, reserved 1136640K
  class space    used 12594K, capacity 13386K, committed 13464K, reserved 1048576K
}
Event: 219.207 GC heap after
{Heap after GC invocations=51 (full 0):
 garbage-first heap   total 206848K, used 158289K [0x0000000080000000, 0x0000000100000000)
  region size 1024K, 2 young (2048K), 2 survivors (2048K)
 Metaspace       used 97227K, capacity 99411K, committed 99624K, reserved 1136640K
  class space    used 12594K, capacity 13386K, committed 13464K, reserved 1048576K
}
Event: 219.430 GC heap before
{Heap before GC invocations=51 (full 0):
 garbage-first heap   total 206848K, used 168529K [0x0000000080000000, 0x0000000100000000)
  region size 1024K, 13 young (13312K), 2 survivors (2048K)
 Metaspace       used 97228K, capacity 99411K, committed 99624K, reserved 1136640K
  class space    used 12594K, capacity 13386K, committed 13464K, reserved 1048576K
}
Event: 219.459 GC heap after
{Heap after GC invocations=52 (full 0):
 garbage-first heap   total 206848K, used 164169K [0x0000000080000000, 0x0000000100000000)
  region size 1024K, 2 young (2048K), 2 survivors (2048K)
 Metaspace       used 97228K, capacity 99411K, committed 99624K, reserved 1136640K
  class space    used 12594K, capacity 13386K, committed 13464K, reserved 1048576K
}
Event: 220.241 GC heap before
{Heap before GC invocations=52 (full 0):
 garbage-first heap   total 206848K, used 172361K [0x0000000080000000, 0x0000000100000000)
  region size 1024K, 10 young (10240K), 2 survivors (2048K)
 Metaspace       used 98016K, capacity 100260K, committed 100520K, reserved 1136640K
  class space    used 12714K, capacity 13540K, committed 13592K, reserved 1048576K
}
Event: 220.277 GC heap after
{Heap after GC invocations=53 (full 0):
 garbage-first heap   total 359424K, used 166912K [0x0000000080000000, 0x0000000100000000)
  region size 1024K, 2 young (2048K), 2 survivors (2048K)
 Metaspace       used 98016K, capacity 100260K, committed 100520K, reserved 1136640K
  class space    used 12714K, capacity 13540K, committed 13592K, reserved 1048576K
}
Event: 222.265 GC heap before
{Heap before GC invocations=54 (full 0):
 garbage-first heap   total 359424K, used 202752K [0x0000000080000000, 0x0000000100000000)
  region size 1024K, 37 young (37888K), 2 survivors (2048K)
 Metaspace       used 99694K, capacity 102096K, committed 102440K, reserved 1138688K
  class space    used 12969K, capacity 13848K, committed 13976K, reserved 1048576K
}
Event: 222.308 GC heap after
{Heap after GC invocations=55 (full 0):
 garbage-first heap   total 359424K, used 171492K [0x0000000080000000, 0x0000000100000000)
  region size 1024K, 5 young (5120K), 5 survivors (5120K)
 Metaspace       used 99694K, capacity 102096K, committed 102440K, reserved 1138688K
  class space    used 12969K, capacity 13848K, committed 13976K, reserved 1048576K
}
Event: 223.713 GC heap before
{Heap before GC invocations=55 (full 0):
 garbage-first heap   total 359424K, used 205284K [0x0000000080000000, 0x0000000100000000)
  region size 1024K, 39 young (39936K), 5 survivors (5120K)
 Metaspace       used 100075K, capacity 102538K, committed 102696K, reserved 1138688K
  class space    used 13005K, capacity 13903K, committed 13976K, reserved 1048576K
}
Event: 223.774 GC heap after
{Heap after GC invocations=56 (full 0):
 garbage-first heap   total 359424K, used 175142K [0x0000000080000000, 0x0000000100000000)
  region size 1024K, 4 young (4096K), 4 survivors (4096K)
 Metaspace       used 100075K, capacity 102538K, committed 102696K, reserved 1138688K
  class space    used 13005K, capacity 13903K, committed 13976K, reserved 1048576K
}
Event: 227.933 GC heap before
{Heap before GC invocations=57 (full 0):
 garbage-first heap   total 359424K, used 215078K [0x0000000080000000, 0x0000000100000000)
  region size 1024K, 42 young (43008K), 4 survivors (4096K)
 Metaspace       used 100398K, capacity 102886K, committed 102952K, reserved 1138688K
  class space    used 13043K, capacity 13933K, committed 13976K, reserved 1048576K
}
Event: 227.988 GC heap after
{Heap after GC invocations=58 (full 0):
 garbage-first heap   total 359424K, used 179062K [0x0000000080000000, 0x0000000100000000)
  region size 1024K, 4 young (4096K), 4 survivors (4096K)
 Metaspace       used 100398K, capacity 102886K, committed 102952K, reserved 1138688K
  class space    used 13043K, capacity 13933K, committed 13976K, reserved 1048576K
}
Event: 229.026 GC heap before
{Heap before GC invocations=58 (full 0):
 garbage-first heap   total 359424K, used 192374K [0x0000000080000000, 0x0000000100000000)
  region size 1024K, 17 young (17408K), 4 survivors (4096K)
 Metaspace       used 100565K, capacity 103067K, committed 103208K, reserved 1138688K
  class space    used 13061K, capacity 13951K, committed 13976K, reserved 1048576K
}

